\BOOKMARK [0][-]{chapter.1}{\376\377\000A\000c\000k\000n\000o\000w\000l\000e\000d\000g\000m\000e\000n\000t\000s}{}% 1
\BOOKMARK [0][-]{chapter.2}{\376\377\000A\000b\000s\000t\000r\000a\000c\000t}{}% 2
\BOOKMARK [0][-]{chapter.1}{\376\377\000I\000n\000t\000r\000o\000d\000u\000c\000t\000i\000o\000n}{}% 3
\BOOKMARK [1][-]{section.1.1}{\376\377\000O\000n\000\040\000t\000h\000e\000\040\000I\000n\000t\000e\000r\000s\000e\000c\000t\000i\000o\000n\000\040\000B\000e\000t\000w\000e\000e\000n\000C\000o\000m\000p\000u\000t\000a\000t\000i\000o\000n\000a\000l\000\040\000a\000n\000d\000\040\000E\000x\000p\000e\000r\000i\000m\000e\000n\000t\000a\000l\000\040\000B\000i\000o\000l\000o\000g\000y}{chapter.1}% 4
\BOOKMARK [1][-]{section.1.2}{\376\377\000P\000r\000o\000j\000e\000c\000t\000\040\000A\000i\000m\000s}{chapter.1}% 5
\BOOKMARK [1][-]{section.1.3}{\376\377\000T\000h\000e\000s\000i\000s\000\040\000A\000i\000m\000s}{chapter.1}% 6
\BOOKMARK [0][-]{chapter.2}{\376\377\000B\000a\000c\000k\000g\000r\000o\000u\000n\000d}{}% 7
\BOOKMARK [1][-]{section.2.1}{\376\377\000A\000t\000o\000m\000s\000\040\000a\000n\000d\000\040\000A\000t\000o\000m\000i\000c\000\040\000I\000n\000t\000e\000r\000a\000c\000t\000i\000o\000n\000s}{chapter.2}% 8
\BOOKMARK [2][-]{subsection.2.1.1}{\376\377\000A\000t\000o\000m\000i\000c\000\040\000S\000t\000r\000u\000c\000t\000u\000r\000e}{section.2.1}% 9
\BOOKMARK [2][-]{subsection.2.1.2}{\376\377\000C\000h\000e\000m\000i\000c\000a\000l\000\040\000B\000o\000n\000d\000i\000n\000g}{section.2.1}% 10
\BOOKMARK [2][-]{subsection.2.1.3}{\376\377\000N\000o\000n\000c\000o\000v\000a\000l\000e\000n\000t\000\040\000I\000n\000t\000e\000r\000a\000c\000t\000i\000o\000n\000s}{section.2.1}% 11
\BOOKMARK [2][-]{subsection.2.1.4}{\376\377\000E\000l\000e\000c\000t\000r\000o\000s\000t\000a\000t\000i\000c\000\040\000I\000n\000t\000e\000r\000a\000c\000t\000i\000o\000n\000s}{section.2.1}% 12
\BOOKMARK [1][-]{section.2.2}{\376\377\000P\000r\000o\000t\000e\000i\000n\000s}{chapter.2}% 13
\BOOKMARK [2][-]{subsection.2.2.1}{\376\377\000P\000r\000i\000m\000a\000r\000y\000\040\000S\000e\000q\000u\000e\000n\000c\000e}{section.2.2}% 14
\BOOKMARK [2][-]{subsection.2.2.2}{\376\377\000B\000a\000c\000k\000b\000o\000n\000e\000\040\000D\000i\000h\000e\000d\000r\000a\000l\000\040\000A\000n\000g\000l\000e\000s}{section.2.2}% 15
\BOOKMARK [2][-]{subsection.2.2.3}{\376\377\000S\000e\000c\000o\000n\000d\000a\000r\000y\000\040\000S\000t\000r\000u\000c\000t\000u\000r\000e}{section.2.2}% 16
\BOOKMARK [2][-]{subsection.2.2.4}{\376\377\000T\000e\000r\000t\000i\000a\000r\000y\000\040\000S\000t\000r\000u\000c\000t\000u\000r\000e}{section.2.2}% 17
\BOOKMARK [2][-]{subsection.2.2.5}{\376\377\000Q\000u\000a\000t\000e\000r\000n\000a\000r\000y\000\040\000S\000t\000r\000u\000c\000t\000u\000r\000e}{section.2.2}% 18
\BOOKMARK [2][-]{subsection.2.2.6}{\376\377\000P\000r\000o\000t\000e\000i\000n\000\040\000E\000x\000p\000r\000e\000s\000s\000i\000o\000n}{section.2.2}% 19
\BOOKMARK [2][-]{subsection.2.2.7}{\376\377\000T\000r\000a\000n\000s\000c\000r\000i\000p\000t\000i\000o\000n\000\040\000F\000a\000c\000t\000o\000r\000s}{section.2.2}% 20
\BOOKMARK [2][-]{subsection.2.2.8}{\376\377\000S\000p\000l\000i\000c\000e\000\040\000V\000a\000r\000i\000a\000n\000t\000s}{section.2.2}% 21
\BOOKMARK [1][-]{section.2.3}{\376\377\000A\000n\000\040\000I\000n\000t\000r\000o\000d\000u\000c\000t\000i\000o\000n\000\040\000t\000o\000\040\000Y\000e\000a\000s\000t\000\040\000G\000e\000n\000e\000t\000i\000c\000T\000e\000c\000h\000n\000i\000q\000u\000e\000s}{chapter.2}% 22
\BOOKMARK [2][-]{subsection.2.3.1}{\376\377\000D\000N\000A\000\040\000P\000l\000a\000s\000m\000i\000d\000s}{section.2.3}% 23
\BOOKMARK [2][-]{subsection.2.3.2}{\376\377\000E\000.\000\040\000c\000o\000l\000i}{section.2.3}% 24
\BOOKMARK [2][-]{subsection.2.3.3}{\376\377\000S\000a\000c\000c\000h\000a\000r\000o\000m\000y\000c\000e\000s\000\040\000c\000e\000r\000e\000v\000i\000s\000i\000a\000e}{section.2.3}% 25
\BOOKMARK [2][-]{subsection.2.3.4}{\376\377\000D\000N\000A\000\040\000G\000e\000l\000\040\000E\000l\000e\000c\000t\000r\000o\000p\000h\000o\000r\000e\000s\000i\000s}{section.2.3}% 26
\BOOKMARK [2][-]{subsection.2.3.5}{\376\377\000P\000C\000R}{section.2.3}% 27
\BOOKMARK [2][-]{subsection.2.3.6}{\376\377\000R\000e\000s\000t\000r\000i\000c\000t\000i\000o\000n\000\040\000D\000i\000g\000e\000s\000t\000i\000o\000n}{section.2.3}% 28
\BOOKMARK [2][-]{subsection.2.3.7}{\376\377\000G\000a\000p\000\040\000R\000e\000p\000a\000i\000r}{section.2.3}% 29
\BOOKMARK [2][-]{subsection.2.3.8}{\376\377\000S\000i\000t\000e\000-\000D\000i\000r\000e\000c\000t\000e\000d\000\040\000M\000u\000t\000a\000g\000e\000n\000e\000s\000i\000s}{section.2.3}% 30
\BOOKMARK [2][-]{subsection.2.3.9}{\376\377\000L\000a\000c\000Z\000\040\000T\000r\000a\000n\000s\000c\000r\000i\000p\000t\000i\000o\000n\000\040\000R\000e\000p\000o\000r\000t\000e\000r\000\040\000A\000s\000s\000a\000y}{section.2.3}% 31
\BOOKMARK [1][-]{section.2.4}{\376\377\000M\000o\000l\000e\000c\000u\000l\000a\000r\000\040\000D\000y\000n\000a\000m\000i\000c\000s\000\040\000S\000i\000m\000u\000l\000a\000t\000i\000o\000n\000s}{chapter.2}% 32
\BOOKMARK [2][-]{subsection.2.4.1}{\376\377\000T\000h\000e\000o\000r\000y}{section.2.4}% 33
\BOOKMARK [2][-]{subsection.2.4.2}{\376\377\000P\000r\000a\000c\000t\000i\000c\000a\000l\000\040\000S\000t\000e\000p\000s}{section.2.4}% 34
\BOOKMARK [1][-]{section.2.5}{\376\377\000T\000h\000e\000\040\000W\000e\000s\000l\000e\000y\000a\000n\000\040\000H\000i\000g\000h\000\040\000P\000e\000r\000f\000o\000r\000m\000a\000n\000c\000e\000\040\000C\000o\000m\000p\000u\000t\000i\000n\000g\000\040\000C\000l\000u\000s\000t\000e\000r}{chapter.2}% 35
\BOOKMARK [1][-]{section.2.6}{\376\377\000P\000r\000o\000t\000e\000i\000n\000\040\000E\000n\000e\000r\000g\000e\000t\000i\000c\000\040\000L\000a\000n\000d\000s\000c\000a\000p\000e\000s}{chapter.2}% 36
\BOOKMARK [1][-]{section.2.7}{\376\377\000A\000l\000l\000o\000s\000t\000e\000r\000y}{chapter.2}% 37
\BOOKMARK [1][-]{section.2.8}{\376\377\000G\000r\000a\000p\000h\000\040\000T\000h\000e\000o\000r\000e\000t\000i\000c\000a\000l\000\040\000A\000p\000p\000r\000o\000a\000c\000h\000e\000s\000\040\000t\000o\000\040\000P\000r\000o\000t\000e\000i\000n\000\040\000A\000n\000a\000l\000y\000s\000i\000s}{chapter.2}% 38
\BOOKMARK [2][-]{subsection.2.8.1}{\376\377\000A\000\040\000G\000r\000a\000p\000h\000\040\000T\000h\000e\000o\000r\000y\000\040\000P\000r\000i\000m\000e\000r}{section.2.8}% 39
\BOOKMARK [2][-]{subsection.2.8.2}{\376\377\000G\000r\000a\000p\000h\000\040\000R\000e\000p\000r\000e\000s\000e\000n\000t\000a\000t\000i\000o\000n\000s\000\040\000o\000f\000\040\000P\000r\000o\000t\000e\000i\000n\000s}{section.2.8}% 40
\BOOKMARK [2][-]{subsection.2.8.3}{\376\377\000S\000p\000e\000c\000t\000r\000a\000l\000\040\000G\000r\000a\000p\000h\000\040\000T\000h\000e\000o\000r\000y}{section.2.8}% 41
\BOOKMARK [2][-]{subsection.2.8.4}{\376\377\000T\000h\000e\000\040\000N\000o\000r\000m\000a\000l\000i\000z\000e\000d\000\040\000L\000a\000p\000l\000a\000c\000i\000a\000n\000\040\000M\000a\000t\000r\000i\000x}{section.2.8}% 42
\BOOKMARK [2][-]{subsection.2.8.5}{\376\377\000T\000h\000e\000\040\000H\000e\000a\000t\000\040\000K\000e\000r\000n\000e\000l}{section.2.8}% 43
\BOOKMARK [2][-]{subsection.2.8.6}{\376\377\000T\000h\000e\000\040\000W\000a\000s\000s\000e\000r\000s\000t\000e\000i\000n\000\040\000D\000i\000s\000t\000a\000n\000c\000e\000\040\000M\000e\000t\000r\000i\000c}{section.2.8}% 44
\BOOKMARK [1][-]{section.2.9}{\376\377\000p\0005\0003}{chapter.2}% 45
\BOOKMARK [2][-]{subsection.2.9.1}{\376\377\000F\000u\000n\000c\000t\000i\000o\000n\000a\000l\000\040\000R\000e\000g\000i\000o\000n\000s}{section.2.9}% 46
\BOOKMARK [2][-]{subsection.2.9.2}{\376\377\000p\0005\0003\000'\000s\000\040\000R\000o\000l\000e\000\040\000a\000s\000\040\000a\000\040\000T\000r\000a\000n\000s\000c\000r\000i\000p\000t\000i\000o\000n\000\040\000F\000a\000c\000t\000o\000r}{section.2.9}% 47
\BOOKMARK [2][-]{subsection.2.9.3}{\376\377\000M\000u\000t\000a\000t\000i\000o\000n\000s\000\040\000t\000o\000\040\000p\0005\0003}{section.2.9}% 48
\BOOKMARK [2][-]{subsection.2.9.4}{\376\377\000p\0005\0003\000\040\000S\000p\000l\000i\000c\000e\000\040\000V\000a\000r\000i\000a\000n\000t\000s}{section.2.9}% 49
\BOOKMARK [2][-]{subsection.2.9.5}{\376\377\000P\000K\0001\0001\0000\0000\0000}{section.2.9}% 50
\BOOKMARK [2][-]{subsection.2.9.6}{\376\377\000R\000e\000z\000a\000t\000a\000p\000o\000p\000t}{section.2.9}% 51
\BOOKMARK [1][-]{section.2.10}{\376\377\000p\0005\0003\000\040\000a\000s\000\040\000a\000\040\000T\000r\000a\000n\000s\000c\000r\000i\000p\000t\000i\000o\000n\000\040\000F\000a\000c\000t\000o\000r\000\040\000i\000n\000\040\000Y\000e\000a\000s\000t}{chapter.2}% 52
\BOOKMARK [-1][-]{part.1}{\376\377\000I\000\040\000C\000o\000m\000p\000u\000t\000a\000t\000i\000o\000n\000a\000l\000\040\000S\000t\000u\000d\000i\000e\000s\000\040\000o\000f\000\040\000p\0005\0003\000\040\000F\000u\000n\000c\000t\000i\000o\000n}{}% 53
\BOOKMARK [0][-]{chapter.3}{\376\377\000T\000h\000e\000\040\000E\000f\000f\000e\000c\000t\000s\000\040\000o\000f\000\040\000t\000h\000e\000\040\000Y\0002\0002\0000\000C\000\040\000M\000u\000t\000a\000t\000i\000o\000n\000\040\000a\000n\000d\000\040\000P\000K\0001\0001\0000\0000\0000\000\040\000o\000n\000\040\000p\0005\0003\000\040\000I\000s\000o\000f\000o\000r\000m\000s}{part.1}% 54
\BOOKMARK [1][-]{section.3.1}{\376\377\000M\000o\000t\000i\000v\000a\000t\000i\000o\000n}{chapter.3}% 55
\BOOKMARK [1][-]{section.3.2}{\376\377\000R\000e\000s\000u\000l\000t\000s}{chapter.3}% 56
\BOOKMARK [2][-]{subsection.3.2.1}{\376\377\000P\000r\000o\000t\000e\000i\000n\000\040\000R\000M\000S\000D\000\040\000D\000e\000p\000e\000n\000d\000s\000\040\000o\000n\000\040\000I\000s\000o\000f\000o\000r\000m\000\040\000a\000n\000d\000\040\000S\000y\000s\000t\000e\000m}{section.3.2}% 57
\BOOKMARK [2][-]{subsection.3.2.2}{\376\377\000R\000a\000d\000i\000u\000s\000\040\000o\000f\000\040\000G\000y\000r\000a\000t\000i\000o\000n\000\040\000D\000e\000p\000e\000n\000d\000s\000\040\000o\000n\000\040\000I\000s\000o\000f\000o\000r\000m\000\040\000a\000n\000d\000\040\000S\000y\000s\000t\000e\000m}{section.3.2}% 58
\BOOKMARK [2][-]{subsection.3.2.3}{\376\377\000R\000M\000S\000F\000\040\000R\000e\000v\000e\000a\000l\000s\000\040\000P\000r\000o\000t\000e\000i\000n\000\040\000C\000o\000r\000e\000\040\000i\000s\000\040\000S\000t\000a\000b\000l\000e\000\040\000A\000c\000r\000o\000s\000s\000\040\000I\000s\000o\000f\000o\000r\000m\000s}{section.3.2}% 59
\BOOKMARK [2][-]{subsection.3.2.4}{\376\377\000H\000y\000d\000r\000o\000g\000e\000n\000\040\000B\000o\000n\000d\000i\000n\000g\000\040\000R\000e\000v\000e\000a\000l\000s\000\040\000P\000K\0001\0001\0000\0000\0000\000-\000D\000e\000p\000e\000n\000d\000e\000n\000t\000\040\000R\000e\000s\000t\000o\000r\000a\000t\000i\000o\000n\000\040\000o\000f\000\040\000W\000T\000\040\000D\000y\000n\000a\000m\000i\000c\000s}{section.3.2}% 60
\BOOKMARK [1][-]{section.3.3}{\376\377\000D\000i\000s\000c\000u\000s\000s\000i\000o\000n}{chapter.3}% 61
\BOOKMARK [1][-]{section.3.4}{\376\377\000M\000e\000t\000h\000o\000d\000s}{chapter.3}% 62
\BOOKMARK [0][-]{chapter.4}{\376\377\000T\000h\000e\000\040\000C\000o\000u\000p\000l\000e\000d\000\040\000D\000y\000n\000a\000m\000i\000c\000s\000\040\000o\000f\000\040\000p\0005\0003\000\040\000a\000n\000d\000\040\000D\000N\000A\000\040\000A\000c\000r\000o\000s\000s\000\040\000B\000i\000n\000d\000i\000n\000g\000\040\000S\000e\000q\000u\000e\000n\000c\000e\000s}{part.1}% 63
\BOOKMARK [1][-]{section.4.1}{\376\377\000M\000o\000t\000i\000v\000a\000t\000i\000o\000n}{chapter.4}% 64
\BOOKMARK [1][-]{section.4.2}{\376\377\000R\000e\000s\000u\000l\000t\000s}{chapter.4}% 65
\BOOKMARK [2][-]{subsection.4.2.1}{\376\377\000G\000l\000o\000b\000a\000l\000\040\000D\000N\000A\000\040\000D\000y\000n\000a\000m\000i\000c\000s\000\040\000a\000r\000e\000\040\000A\000l\000t\000e\000r\000e\000d\000\040\000U\000p\000o\000n\000\040\000p\0005\0003\000\040\000B\000i\000n\000d\000i\000n\000g}{section.4.2}% 66
\BOOKMARK [2][-]{subsection.4.2.2}{\376\377\000p\0005\0003\000\040\000A\000l\000t\000e\000r\000s\000\040\000L\000o\000c\000a\000l\000\040\000D\000N\000A\000\040\000D\000y\000n\000a\000m\000i\000c\000s}{section.4.2}% 67
\BOOKMARK [2][-]{subsection.4.2.3}{\376\377\000p\0005\0003\000\040\000D\000y\000n\000a\000m\000i\000c\000s\000\040\000a\000r\000e\000\040\000M\000o\000d\000u\000l\000a\000t\000e\000d\000\040\000b\000y\000\040\000i\000t\000s\000\040\000B\000o\000u\000n\000d\000\040\000D\000N\000A\000\040\000M\000o\000l\000e\000c\000u\000l\000e}{section.4.2}% 68
\BOOKMARK [1][-]{section.4.3}{\376\377\000D\000i\000s\000c\000u\000s\000s\000i\000o\000n}{chapter.4}% 69
\BOOKMARK [1][-]{section.4.4}{\376\377\000M\000e\000t\000h\000o\000d\000s}{chapter.4}% 70
\BOOKMARK [0][-]{chapter.5}{\376\377\000T\000h\000e\000\040\000E\000f\000f\000e\000c\000t\000s\000\040\000o\000f\000\040\000t\000h\000e\000\040\000T\000e\000n\000\040\000M\000o\000s\000t\000\040\000C\000o\000m\000m\000o\000n\000\040\000p\0005\0003\000\040\000P\000o\000i\000n\000t\000\040\000M\000u\000t\000a\000t\000i\000o\000n\000s\000\040\000o\000n\000\040\000p\0005\0003\000\040\000D\000y\000n\000a\000m\000i\000c\000s}{part.1}% 71
\BOOKMARK [1][-]{section.5.1}{\376\377\000M\000o\000t\000i\000v\000a\000t\000i\000o\000n}{chapter.5}% 72
\BOOKMARK [1][-]{section.5.2}{\376\377\000R\000e\000s\000u\000l\000t\000s}{chapter.5}% 73
\BOOKMARK [1][-]{section.5.3}{\376\377\000D\000i\000s\000c\000u\000s\000s\000i\000o\000n}{chapter.5}% 74
\BOOKMARK [1][-]{section.5.4}{\376\377\000M\000e\000t\000h\000o\000d\000s}{chapter.5}% 75
\BOOKMARK [0][-]{chapter.6}{\376\377\000T\000h\000e\000\040\000E\000f\000f\000e\000c\000t\000s\000\040\000o\000f\000\040\000R\000e\000z\000a\000t\000a\000p\000o\000p\000t\000\040\000o\000n\000\040\000Y\0002\0002\0000\000C\000\040\000p\0005\0003}{part.1}% 76
\BOOKMARK [1][-]{section.6.1}{\376\377\000M\000o\000t\000i\000v\000a\000t\000i\000o\000n}{chapter.6}% 77
\BOOKMARK [1][-]{section.6.2}{\376\377\000R\000e\000s\000u\000l\000t\000s}{chapter.6}% 78
\BOOKMARK [1][-]{section.6.3}{\376\377\000D\000i\000s\000c\000u\000s\000s\000i\000o\000n}{chapter.6}% 79
\BOOKMARK [1][-]{section.6.4}{\376\377\000M\000e\000t\000h\000o\000d\000s}{chapter.6}% 80
\BOOKMARK [-1][-]{part.2}{\376\377\000I\000I\000\040\000E\000x\000p\000e\000r\000i\000m\000e\000n\000t\000a\000l\000\040\000A\000p\000p\000r\000o\000a\000c\000h\000e\000s\000\040\000t\000o\000\040\000T\000e\000s\000t\000\040\000p\0005\0003\000\040\000F\000u\000n\000c\000t\000i\000o\000n}{}% 81
\BOOKMARK [0][-]{chapter.7}{\376\377\000D\000e\000v\000e\000l\000o\000p\000m\000e\000n\000t\000\040\000o\000f\000\040\000a\000\040\000-\000G\000a\000l\000a\000c\000t\000o\000s\000i\000d\000a\000s\000e\000\040\000O\000N\000P\000G\000\040\000A\000s\000s\000a\000y\000\040\000f\000o\000r\000\040\000M\000e\000a\000s\000u\000r\000i\000n\000g\000\040\000p\0005\0003\000-\000I\000n\000d\000u\000c\000e\000d\000\040\000T\000r\000a\000n\000s\000c\000r\000i\000p\000t\000i\000o\000n}{part.2}% 82
\BOOKMARK [1][-]{section.7.1}{\376\377\000M\000o\000t\000i\000v\000a\000t\000i\000o\000n}{chapter.7}% 83
\BOOKMARK [1][-]{section.7.2}{\376\377\000R\000e\000s\000u\000l\000t\000s}{chapter.7}% 84
\BOOKMARK [1][-]{section.7.3}{\376\377\000D\000i\000s\000c\000u\000s\000s\000i\000o\000n}{chapter.7}% 85
\BOOKMARK [1][-]{section.7.4}{\376\377\000M\000e\000t\000h\000o\000d\000s}{chapter.7}% 86
\BOOKMARK [0][-]{chapter.8}{\376\377\000D\000i\000s\000c\000u\000s\000s\000i\000o\000n}{part.2}% 87
\BOOKMARK [0][-]{chapter.9}{\376\377\000C\000o\000n\000c\000l\000u\000s\000i\000o\000n}{part.2}% 88
\BOOKMARK [0][-]{chapter.10}{\376\377\000M\000e\000t\000h\000o\000d\000s}{part.2}% 89
\BOOKMARK [0][-]{appendix*.85}{\376\377\000A\000p\000p\000e\000n\000d\000i\000x}{part.2}% 90
\BOOKMARK [0][-]{appendix*.86}{\376\377\000R\000e\000f\000e\000r\000e\000n\000c\000e\000s}{part.2}% 91
